DEBUG - 2026-05-04 06:11:31 --> Session: Class initialized using 'CodeIgniter\Session\Handlers\FileHandler' driver.
WARNING - 2026-05-04 06:11:32 --> [DEPRECATED] Creation of dynamic property App\Libraries\Bitauth::$_pwd_age_notification is deprecated in APPPATH\Libraries\Bitauth.php on line 68.
 1 APPPATH\Controllers\Patient.php(12): App\Libraries\Bitauth->__construct()
 2 SYSTEMPATH\CodeIgniter.php(921): App\Controllers\Patient->__construct()
 3 SYSTEMPATH\CodeIgniter.php(488): CodeIgniter\CodeIgniter->createController()
 4 SYSTEMPATH\CodeIgniter.php(340): CodeIgniter\CodeIgniter->handleRequest(null, Object(Config\Cache), false)
 5 SYSTEMPATH\Boot.php(417): CodeIgniter\CodeIgniter->run()
 6 SYSTEMPATH\Boot.php(68): CodeIgniter\Boot::runCodeIgniter(Object(CodeIgniter\CodeIgniter))
 7 FCPATH\index.php(26): CodeIgniter\Boot::bootWeb(Object(Config\Paths))
WARNING - 2026-05-04 06:11:32 --> [DEPRECATED] Creation of dynamic property App\Controllers\Patient::$bitauth is deprecated in APPPATH\Controllers\Patient.php on line 12.
 1 SYSTEMPATH\CodeIgniter.php(921): App\Controllers\Patient->__construct()
 2 SYSTEMPATH\CodeIgniter.php(488): CodeIgniter\CodeIgniter->createController()
 3 SYSTEMPATH\CodeIgniter.php(340): CodeIgniter\CodeIgniter->handleRequest(null, Object(Config\Cache), false)
 4 SYSTEMPATH\Boot.php(417): CodeIgniter\CodeIgniter->run()
 5 SYSTEMPATH\Boot.php(68): CodeIgniter\Boot::runCodeIgniter(Object(CodeIgniter\CodeIgniter))
 6 FCPATH\index.php(26): CodeIgniter\Boot::bootWeb(Object(Config\Paths))
DEBUG - 2026-05-04 06:11:35 --> Session: Class initialized using 'CodeIgniter\Session\Handlers\FileHandler' driver.
WARNING - 2026-05-04 06:11:35 --> [DEPRECATED] Creation of dynamic property App\Libraries\Bitauth::$_pwd_age_notification is deprecated in APPPATH\Libraries\Bitauth.php on line 68.
 1 APPPATH\Controllers\Patient.php(12): App\Libraries\Bitauth->__construct()
 2 SYSTEMPATH\CodeIgniter.php(921): App\Controllers\Patient->__construct()
 3 SYSTEMPATH\CodeIgniter.php(488): CodeIgniter\CodeIgniter->createController()
 4 SYSTEMPATH\CodeIgniter.php(340): CodeIgniter\CodeIgniter->handleRequest(null, Object(Config\Cache), false)
 5 SYSTEMPATH\Boot.php(417): CodeIgniter\CodeIgniter->run()
 6 SYSTEMPATH\Boot.php(68): CodeIgniter\Boot::runCodeIgniter(Object(CodeIgniter\CodeIgniter))
 7 FCPATH\index.php(26): CodeIgniter\Boot::bootWeb(Object(Config\Paths))
WARNING - 2026-05-04 06:11:35 --> [DEPRECATED] Creation of dynamic property App\Controllers\Patient::$bitauth is deprecated in APPPATH\Controllers\Patient.php on line 12.
 1 SYSTEMPATH\CodeIgniter.php(921): App\Controllers\Patient->__construct()
 2 SYSTEMPATH\CodeIgniter.php(488): CodeIgniter\CodeIgniter->createController()
 3 SYSTEMPATH\CodeIgniter.php(340): CodeIgniter\CodeIgniter->handleRequest(null, Object(Config\Cache), false)
 4 SYSTEMPATH\Boot.php(417): CodeIgniter\CodeIgniter->run()
 5 SYSTEMPATH\Boot.php(68): CodeIgniter\Boot::runCodeIgniter(Object(CodeIgniter\CodeIgniter))
 6 FCPATH\index.php(26): CodeIgniter\Boot::bootWeb(Object(Config\Paths))
DEBUG - 2026-05-04 06:11:38 --> Session: Class initialized using 'CodeIgniter\Session\Handlers\FileHandler' driver.
WARNING - 2026-05-04 06:11:38 --> [DEPRECATED] Creation of dynamic property App\Libraries\Bitauth::$_pwd_age_notification is deprecated in APPPATH\Libraries\Bitauth.php on line 68.
 1 APPPATH\Controllers\Patient.php(12): App\Libraries\Bitauth->__construct()
 2 SYSTEMPATH\CodeIgniter.php(921): App\Controllers\Patient->__construct()
 3 SYSTEMPATH\CodeIgniter.php(488): CodeIgniter\CodeIgniter->createController()
 4 SYSTEMPATH\CodeIgniter.php(340): CodeIgniter\CodeIgniter->handleRequest(null, Object(Config\Cache), false)
 5 SYSTEMPATH\Boot.php(417): CodeIgniter\CodeIgniter->run()
 6 SYSTEMPATH\Boot.php(68): CodeIgniter\Boot::runCodeIgniter(Object(CodeIgniter\CodeIgniter))
 7 FCPATH\index.php(26): CodeIgniter\Boot::bootWeb(Object(Config\Paths))
WARNING - 2026-05-04 06:11:38 --> [DEPRECATED] Creation of dynamic property App\Controllers\Patient::$bitauth is deprecated in APPPATH\Controllers\Patient.php on line 12.
 1 SYSTEMPATH\CodeIgniter.php(921): App\Controllers\Patient->__construct()
 2 SYSTEMPATH\CodeIgniter.php(488): CodeIgniter\CodeIgniter->createController()
 3 SYSTEMPATH\CodeIgniter.php(340): CodeIgniter\CodeIgniter->handleRequest(null, Object(Config\Cache), false)
 4 SYSTEMPATH\Boot.php(417): CodeIgniter\CodeIgniter->run()
 5 SYSTEMPATH\Boot.php(68): CodeIgniter\Boot::runCodeIgniter(Object(CodeIgniter\CodeIgniter))
 6 FCPATH\index.php(26): CodeIgniter\Boot::bootWeb(Object(Config\Paths))
